[19:50:31] [main/INFO] (FabricLoader/GameProvider) Loading Minecraft 1.20.2 with Fabric Loader 0.14.22
[19:50:31] [main/INFO] (FabricLoader) Loading 58 mods:
	- cloth-basic-math 0.6.1
	- cloth-config 12.0.111
	- fabric-api 0.89.1+1.20.2
	- fabric-api-base 0.4.32+fce67b32a0
	- fabric-api-lookup-api-v1 1.6.40+fce67b32a0
	- fabric-biome-api-v1 13.0.11+86b12645a0
	- fabric-block-api-v1 1.0.11+73761d2ea0
	- fabric-block-view-api-v2 1.0.0+73761d2ea0
	- fabric-blockrenderlayer-v1 1.1.42+f4b7e424a0
	- fabric-client-tags-api-v1 1.1.3+86b12645a0
	- fabric-command-api-v1 1.2.35+f71b366fa0
	- fabric-command-api-v2 2.2.14+86b12645a0
	- fabric-commands-v0 0.2.52+df3654b3a0
	- fabric-containers-v0 0.1.70+df3654b3a0
	- fabric-content-registries-v0 5.0.3+0ba8e9cea0
	- fabric-convention-tags-v1 1.5.6+f4b7e424a0
	- fabric-crash-report-info-v1 0.2.19+f4b7e424a0
	- fabric-data-generation-api-v1 13.1.0+bbae80faa0
	- fabric-dimensions-v1 2.1.55+b1229956a0
	- fabric-entity-events-v1 1.5.24+f4b7e424a0
	- fabric-events-interaction-v0 0.6.8+daef22a2a0
	- fabric-events-lifecycle-v0 0.2.67+df3654b3a0
	- fabric-game-rule-api-v1 1.0.39+f4b7e424a0
	- fabric-gametest-api-v1 1.2.14+86b12645a0
	- fabric-item-api-v1 2.1.31+43511215a0
	- fabric-item-group-api-v1 4.0.12+f4b7e424a0
	- fabric-key-binding-api-v1 1.0.37+f4b7e424a0
	- fabric-keybindings-v0 0.2.35+df3654b3a0
	- fabric-lifecycle-events-v1 2.2.25+3bafade3a0
	- fabric-loot-api-v2 2.0.1+0ba8e9cea0
	- fabric-message-api-v1 6.0.0+fce67b32a0
	- fabric-mining-level-api-v1 2.1.53+f4b7e424a0
	- fabric-model-loading-api-v1 1.0.4+f4b7e424a0
	- fabric-models-v0 0.4.3+9386d8a7a0
	- fabric-networking-api-v1 3.0.6+69e331e3a0
	- fabric-object-builder-api-v1 12.1.0+b1b4f7b0a0
	- fabric-particles-v1 1.1.3+f4b7e424a0
	- fabric-recipe-api-v1 2.0.3+43511215a0
	- fabric-registry-sync-v0 4.0.1+34a3e0e2a0
	- fabric-renderer-api-v1 3.2.0+2034447ca0
	- fabric-renderer-indigo 1.5.0+2034447ca0
	- fabric-renderer-registries-v1 3.2.47+df3654b3a0
	- fabric-rendering-data-attachment-v1 0.3.38+73761d2ea0
	- fabric-rendering-fluids-v1 3.0.29+f4b7e424a0
	- fabric-rendering-v0 1.1.50+df3654b3a0
	- fabric-rendering-v1 3.0.9+86b12645a0
	- fabric-resource-conditions-api-v1 2.3.8+43511215a0
	- fabric-resource-loader-v0 0.11.10+86b12645a0
	- fabric-screen-api-v1 2.0.10+0ba8e9cea0
	- fabric-screen-handler-api-v1 1.3.36+86b12645a0
	- fabric-sound-api-v1 1.0.13+f4b7e424a0
	- fabric-transfer-api-v1 3.3.7+109a65e5a0
	- fabric-transitive-access-wideners-v1 5.0.2+fce67b32a0
	- fabricloader 0.14.22
	- java 21
	- minecraft 1.20.2
	- modmenu 8.0.0
	- serversorter 1.0.0
[19:50:32] [main/INFO] (FabricLoader/Mixin) SpongePowered MIXIN Subsystem Version=0.8.5 Source=file:/home/jeffrey/.gradle/caches/modules-2/files-2.1/net.fabricmc/sponge-mixin/0.12.5+mixin.0.8.5/8d31fb97c3e0cd7c8dad3441851c523bcfae6d8e/sponge-mixin-0.12.5+mixin.0.8.5.jar Service=Knot/Fabric Env=CLIENT
[19:50:32] [main/INFO] (FabricLoader/Mixin) Loaded Fabric development mappings for mixin remapper!
[19:50:32] [main/INFO] (FabricLoader/Mixin) Compatibility level set to JAVA_16
[19:50:32] [main/INFO] (FabricLoader/Mixin) Compatibility level set to JAVA_17
[19:50:42] [Datafixer Bootstrap/INFO] (Minecraft) 192 Datafixer optimizations took 348 milliseconds
[19:50:48] [Render thread/INFO] (Minecraft) Environment: Environment[accountsHost=https://api.mojang.com, sessionHost=https://sessionserver.mojang.com, servicesHost=https://api.minecraftservices.com, name=PROD]
[19:50:50] [Render thread/ERROR] (Minecraft) Failed to verify authentication
com.mojang.authlib.exceptions.InvalidCredentialsException: Status: 401
	at com.mojang.authlib.exceptions.MinecraftClientHttpException.toAuthenticationException(MinecraftClientHttpException.java:59) ~[authlib-5.0.47.jar:?]
	at com.mojang.authlib.yggdrasil.YggdrasilUserApiService.fetchProperties(YggdrasilUserApiService.java:159) ~[authlib-5.0.47.jar:?]
	at com.mojang.authlib.yggdrasil.YggdrasilUserApiService.<init>(YggdrasilUserApiService.java:53) ~[authlib-5.0.47.jar:?]
	at com.mojang.authlib.yggdrasil.YggdrasilAuthenticationService.createUserApiService(YggdrasilAuthenticationService.java:55) ~[authlib-5.0.47.jar:?]
	at net.minecraft.client.MinecraftClient.createUserApiService(MinecraftClient.java:787) ~[minecraft-clientOnly-14fa58f9a6-1.20.2-net.fabricmc.yarn.1_20_2.1.20.2+build.1-v2.jar:?]
	at net.minecraft.client.MinecraftClient.<init>(MinecraftClient.java:451) ~[minecraft-clientOnly-14fa58f9a6-1.20.2-net.fabricmc.yarn.1_20_2.1.20.2+build.1-v2.jar:?]
	at net.minecraft.client.main.Main.main(Main.java:214) ~[minecraft-clientOnly-14fa58f9a6-1.20.2-net.fabricmc.yarn.1_20_2.1.20.2+build.1-v2.jar:?]
	at net.fabricmc.loader.impl.game.minecraft.MinecraftGameProvider.launch(MinecraftGameProvider.java:468) ~[fabric-loader-0.14.22.jar:?]
	at net.fabricmc.loader.impl.launch.knot.Knot.launch(Knot.java:74) ~[fabric-loader-0.14.22.jar:?]
	at net.fabricmc.loader.impl.launch.knot.KnotClient.main(KnotClient.java:23) ~[fabric-loader-0.14.22.jar:?]
	at net.fabricmc.devlaunchinjector.Main.main(Main.java:86) ~[dev-launch-injector-0.2.1+build.8.jar:?]
Caused by: com.mojang.authlib.exceptions.MinecraftClientHttpException: Status: 401
	at com.mojang.authlib.minecraft.client.MinecraftClient.readInputStream(MinecraftClient.java:100) ~[authlib-5.0.47.jar:?]
	at com.mojang.authlib.minecraft.client.MinecraftClient.get(MinecraftClient.java:57) ~[authlib-5.0.47.jar:?]
	at com.mojang.authlib.yggdrasil.YggdrasilUserApiService.fetchProperties(YggdrasilUserApiService.java:130) ~[authlib-5.0.47.jar:?]
	... 9 more
[19:50:50] [Render thread/INFO] (Minecraft) Setting user: Player222
[19:50:50] [Render thread/INFO] (Indigo) [Indigo] Registering Indigo renderer!
[19:50:51] [Worker-Main-2/INFO] (Mod Menu/Update Checker) Checking mod updates...
[19:50:52] [Render thread/INFO] (Minecraft) Backend library: LWJGL version 3.3.2-snapshot
[19:50:52] [Render thread/INFO] (Minecraft) [STDERR]: [LWJGL] [ThreadLocalUtil] Unsupported JNI version detected, this may result in a crash. Please inform LWJGL developers.
[19:50:55] [Render thread/INFO] (Minecraft) Reloading ResourceManager: vanilla, fabric (fabric-command-api-v2, fabric-rendering-v0, fabric-lifecycle-events-v1, fabric-blockrenderlayer-v1, fabric-screen-api-v1, fabric-block-view-api-v2, fabric-renderer-indigo, fabric-loot-api-v2, fabric-resource-loader-v0, fabric-rendering-data-attachment-v1, fabric-data-generation-api-v1, fabric-particles-v1, fabric-screen-handler-api-v1, fabric-commands-v0, fabricloader, fabric-object-builder-api-v1, fabric-transfer-api-v1, fabric-models-v0, fabric-entity-events-v1, fabric-message-api-v1, fabric-convention-tags-v1, fabric-client-tags-api-v1, fabric-events-interaction-v0, fabric-crash-report-info-v1, fabric-api-lookup-api-v1, fabric-containers-v0, fabric-rendering-fluids-v1, fabric-biome-api-v1, fabric-mining-level-api-v1, fabric-networking-api-v1, fabric-api, fabric-registry-sync-v0, fabric-resource-conditions-api-v1, fabric-api-base, fabric-content-registries-v0, fabric-transitive-access-wideners-v1, fabric-recipe-api-v1, fabric-gametest-api-v1, fabric-renderer-registries-v1, fabric-game-rule-api-v1, fabric-renderer-api-v1, cloth-config, modmenu, fabric-events-lifecycle-v0, fabric-rendering-v1, fabric-command-api-v1, fabric-keybindings-v0, serversorter, fabric-item-api-v1, fabric-block-api-v1, fabric-key-binding-api-v1, fabric-dimensions-v1, fabric-model-loading-api-v1, fabric-sound-api-v1, fabric-item-group-api-v1)
[19:50:56] [Worker-Main-12/INFO] (Minecraft) Found unifont_all_no_pua-15.0.06.hex, loading
[19:51:01] [Render thread/WARN] (Minecraft) Missing sound for event: minecraft:item.goat_horn.play
[19:51:01] [Render thread/WARN] (Minecraft) Missing sound for event: minecraft:entity.goat.screaming.horn_break
[19:51:01] [Render thread/INFO] (Minecraft) OpenAL initialized on device Built-in Audio Analog Stereo
[19:51:01] [Render thread/INFO] (Minecraft) Sound engine started
[19:51:01] [Render thread/INFO] (Minecraft) Created: 1024x512x4 minecraft:textures/atlas/blocks.png-atlas
[19:51:01] [Render thread/INFO] (Minecraft) Created: 256x256x4 minecraft:textures/atlas/signs.png-atlas
[19:51:01] [Render thread/INFO] (Minecraft) Created: 512x512x4 minecraft:textures/atlas/shield_patterns.png-atlas
[19:51:01] [Render thread/INFO] (Minecraft) Created: 512x512x4 minecraft:textures/atlas/banner_patterns.png-atlas
[19:51:01] [Render thread/INFO] (Minecraft) Created: 1024x1024x4 minecraft:textures/atlas/armor_trims.png-atlas
[19:51:01] [Render thread/INFO] (Minecraft) Created: 128x64x4 minecraft:textures/atlas/decorated_pot.png-atlas
[19:51:01] [Render thread/INFO] (Minecraft) Created: 256x256x4 minecraft:textures/atlas/chest.png-atlas
[19:51:01] [Render thread/INFO] (Minecraft) Created: 512x256x4 minecraft:textures/atlas/shulker_boxes.png-atlas
[19:51:01] [Render thread/INFO] (Minecraft) Created: 512x256x4 minecraft:textures/atlas/beds.png-atlas
[19:51:02] [Render thread/WARN] (Minecraft) Shader rendertype_entity_translucent_emissive could not find sampler named Sampler2 in the specified shader program.
[19:51:02] [Render thread/INFO] (Minecraft) Created: 256x256x0 minecraft:textures/atlas/particles.png-atlas
[19:51:02] [Render thread/INFO] (Minecraft) Created: 256x256x0 minecraft:textures/atlas/paintings.png-atlas
[19:51:02] [Render thread/INFO] (Minecraft) Created: 128x128x0 minecraft:textures/atlas/mob_effects.png-atlas
[19:51:02] [Render thread/INFO] (Minecraft) Created: 1024x512x0 minecraft:textures/atlas/gui.png-atlas
[19:51:03] [IO-Worker-1/INFO] (Minecraft) Could not authorize you against Realms server: Invalid session id
[19:51:03] [IO-Worker-1/ERROR] (Minecraft) Couldn't connect to realms
net.minecraft.client.realms.exception.RealmsServiceException: Realms authentication error with message 'Invalid session id'
	at net.minecraft.client.realms.RealmsClient.execute(RealmsClient.java:432) ~[minecraft-clientOnly-14fa58f9a6-1.20.2-net.fabricmc.yarn.1_20_2.1.20.2+build.1-v2.jar:?]
	at net.minecraft.client.realms.RealmsClient.clientCompatible(RealmsClient.java:218) ~[minecraft-clientOnly-14fa58f9a6-1.20.2-net.fabricmc.yarn.1_20_2.1.20.2+build.1-v2.jar:?]
	at net.minecraft.client.realms.RealmsAvailability.method_52627(RealmsAvailability.java:45) ~[minecraft-clientOnly-14fa58f9a6-1.20.2-net.fabricmc.yarn.1_20_2.1.20.2+build.1-v2.jar:?]
	at java.util.concurrent.CompletableFuture$AsyncSupply.run(CompletableFuture.java:1768) ~[?:?]
	at java.util.concurrent.ThreadPoolExecutor.runWorker(ThreadPoolExecutor.java:1144) ~[?:?]
	at java.util.concurrent.ThreadPoolExecutor$Worker.run(ThreadPoolExecutor.java:642) ~[?:?]
	at java.lang.Thread.run(Thread.java:1583) ~[?:?]
[19:51:22] [Render thread/INFO] (Minecraft) Loaded 7 recipes
[19:51:23] [Render thread/INFO] (Minecraft) Loaded 1271 advancements
[19:52:17] [Render thread/INFO] (Minecraft) Connecting to 0.0.0.0, 25565
[19:52:20] [Netty Epoll Client IO #0/WARN] (Minecraft) Unknown feature flag: minecraft:update_1_21
[19:52:20] [Render thread/WARN] (Minecraft) Not all defined tags for registry ResourceKey[minecraft:root / minecraft:entity_type] are present in data pack: c:boats, c:bosses, c:minecarts
[19:52:20] [Render thread/WARN] (Minecraft) Not all defined tags for registry ResourceKey[minecraft:root / minecraft:block] are present in data pack: c:bookshelves, c:budding_blocks, c:buds, c:chests, c:clusters, c:glass_blocks, c:glass_panes, c:ores, c:quartz_ores, c:red_sandstone_blocks, c:red_sandstone_slabs, c:red_sandstone_stairs, c:sandstone_blocks, c:sandstone_slabs, c:sandstone_stairs, c:shulker_boxes, c:uncolored_sandstone_blocks, c:uncolored_sandstone_slabs, c:uncolored_sandstone_stairs, c:villager_job_sites, c:wooden_barrels
[19:52:20] [Render thread/WARN] (Minecraft) Not all defined tags for registry ResourceKey[minecraft:root / minecraft:enchantment] are present in data pack: c:entity_defense_enhancement, c:entity_movement_enhancement, c:fortune, c:looting, c:weapon_damage_enhancement
[19:52:20] [Render thread/WARN] (Minecraft) Not all defined tags for registry ResourceKey[minecraft:root / minecraft:fluid] are present in data pack: c:lava, c:water
[19:52:20] [Render thread/WARN] (Minecraft) Not all defined tags for registry ResourceKey[minecraft:root / minecraft:item] are present in data pack: c:axes, c:black_dyes, c:blue_dyes, c:bookshelves, c:bows, c:brown_dyes, c:budding_blocks, c:buds, c:chests, c:clusters, c:coal, c:copper_ingots, c:cyan_dyes, c:diamonds, c:dusts, c:dyes, c:emeralds, c:empty_buckets, c:entity_water_buckets, c:foods, c:gems, c:glass_blocks, c:glass_panes, c:gold_ingots, c:gray_dyes, c:green_dyes, c:hoes, c:ingots, c:iron_ingots, c:lapis, c:lava_buckets, c:light_blue_dyes, c:light_gray_dyes, c:lime_dyes, c:magenta_dyes, c:milk_buckets, c:netherite_ingots, c:nuggets, c:orange_dyes, c:ores, c:pickaxes, c:pink_dyes, c:potions, c:purple_dyes, c:quartz, c:quartz_ores, c:raw_copper_blocks, c:raw_copper_ores, c:raw_gold_blocks, c:raw_gold_ores, c:raw_iron_blocks, c:raw_iron_ores, c:raw_ores, c:red_dyes, c:red_sandstone_blocks, c:red_sandstone_slabs, c:red_sandstone_stairs, c:redstone_dusts, c:sandstone_blocks, c:sandstone_slabs, c:sandstone_stairs, c:shears, c:shields, c:shovels, c:shulker_boxes, c:spears, c:swords, c:uncolored_sandstone_blocks, c:uncolored_sandstone_slabs, c:uncolored_sandstone_stairs, c:villager_job_sites, c:water_buckets, c:white_dyes, c:wooden_barrels, c:yellow_dyes, minecraft:tools
[19:52:22] [Render thread/INFO] (Minecraft) [System] [CHAT] Player222 joined the game
[19:52:23] [Render thread/INFO] (Minecraft) Loaded 2 advancements
[19:52:28] [Render thread/WARN] (Minecraft) Client disconnected with reason: Server closed
[19:53:54] [Render thread/INFO] (Minecraft) Connecting to 0.0.0.0, 25565
[19:54:27] [Render thread/INFO] (Minecraft) Connecting to 0.0.0.0, 25565
[19:54:27] [Netty Epoll Client IO #2/WARN] (Minecraft) Unknown feature flag: minecraft:update_1_21
[19:54:28] [Render thread/WARN] (Minecraft) Not all defined tags for registry ResourceKey[minecraft:root / minecraft:entity_type] are present in data pack: c:boats, c:bosses, c:minecarts
[19:54:28] [Render thread/WARN] (Minecraft) Not all defined tags for registry ResourceKey[minecraft:root / minecraft:block] are present in data pack: c:bookshelves, c:budding_blocks, c:buds, c:chests, c:clusters, c:glass_blocks, c:glass_panes, c:ores, c:quartz_ores, c:red_sandstone_blocks, c:red_sandstone_slabs, c:red_sandstone_stairs, c:sandstone_blocks, c:sandstone_slabs, c:sandstone_stairs, c:shulker_boxes, c:uncolored_sandstone_blocks, c:uncolored_sandstone_slabs, c:uncolored_sandstone_stairs, c:villager_job_sites, c:wooden_barrels
[19:54:28] [Render thread/WARN] (Minecraft) Not all defined tags for registry ResourceKey[minecraft:root / minecraft:enchantment] are present in data pack: c:entity_defense_enhancement, c:entity_movement_enhancement, c:fortune, c:looting, c:weapon_damage_enhancement
[19:54:28] [Render thread/WARN] (Minecraft) Not all defined tags for registry ResourceKey[minecraft:root / minecraft:fluid] are present in data pack: c:lava, c:water
[19:54:28] [Render thread/WARN] (Minecraft) Not all defined tags for registry ResourceKey[minecraft:root / minecraft:item] are present in data pack: c:axes, c:black_dyes, c:blue_dyes, c:bookshelves, c:bows, c:brown_dyes, c:budding_blocks, c:buds, c:chests, c:clusters, c:coal, c:copper_ingots, c:cyan_dyes, c:diamonds, c:dusts, c:dyes, c:emeralds, c:empty_buckets, c:entity_water_buckets, c:foods, c:gems, c:glass_blocks, c:glass_panes, c:gold_ingots, c:gray_dyes, c:green_dyes, c:hoes, c:ingots, c:iron_ingots, c:lapis, c:lava_buckets, c:light_blue_dyes, c:light_gray_dyes, c:lime_dyes, c:magenta_dyes, c:milk_buckets, c:netherite_ingots, c:nuggets, c:orange_dyes, c:ores, c:pickaxes, c:pink_dyes, c:potions, c:purple_dyes, c:quartz, c:quartz_ores, c:raw_copper_blocks, c:raw_copper_ores, c:raw_gold_blocks, c:raw_gold_ores, c:raw_iron_blocks, c:raw_iron_ores, c:raw_ores, c:red_dyes, c:red_sandstone_blocks, c:red_sandstone_slabs, c:red_sandstone_stairs, c:redstone_dusts, c:sandstone_blocks, c:sandstone_slabs, c:sandstone_stairs, c:shears, c:shields, c:shovels, c:shulker_boxes, c:spears, c:swords, c:uncolored_sandstone_blocks, c:uncolored_sandstone_slabs, c:uncolored_sandstone_stairs, c:villager_job_sites, c:water_buckets, c:white_dyes, c:wooden_barrels, c:yellow_dyes, minecraft:tools
[19:54:29] [Render thread/INFO] (Minecraft) [System] [CHAT] Player222 joined the game
[19:54:29] [Render thread/INFO] (Minecraft) Loaded 2 advancements
[19:54:38] [Render thread/INFO] (Minecraft) [System] [CHAT] [Server: Made Player222 a server operator]
[19:54:43] [Render thread/INFO] (Minecraft) [System] [CHAT] Gave 1 [Water Bucket] to Player222
[19:54:43] [Render thread/INFO] (Minecraft) Loaded 3 advancements
[19:55:19] [Render thread/INFO] (Minecraft) [System] [CHAT] An unexpected error occurred trying to execute that command
[19:55:54] [Render thread/INFO] (Minecraft) [System] [CHAT] [Server: Stopping the server]
[19:55:54] [Render thread/WARN] (Minecraft) Client disconnected with reason: Server closed
[19:57:10] [Render thread/INFO] (Minecraft) Connecting to 0.0.0.0, 25565
[19:57:18] [Netty Epoll Client IO #3/WARN] (Minecraft) Unknown feature flag: minecraft:update_1_21
[19:57:18] [Render thread/WARN] (Minecraft) Not all defined tags for registry ResourceKey[minecraft:root / minecraft:entity_type] are present in data pack: c:boats, c:bosses, c:minecarts
[19:57:18] [Render thread/WARN] (Minecraft) Not all defined tags for registry ResourceKey[minecraft:root / minecraft:block] are present in data pack: c:bookshelves, c:budding_blocks, c:buds, c:chests, c:clusters, c:glass_blocks, c:glass_panes, c:ores, c:quartz_ores, c:red_sandstone_blocks, c:red_sandstone_slabs, c:red_sandstone_stairs, c:sandstone_blocks, c:sandstone_slabs, c:sandstone_stairs, c:shulker_boxes, c:uncolored_sandstone_blocks, c:uncolored_sandstone_slabs, c:uncolored_sandstone_stairs, c:villager_job_sites, c:wooden_barrels
[19:57:18] [Render thread/WARN] (Minecraft) Not all defined tags for registry ResourceKey[minecraft:root / minecraft:enchantment] are present in data pack: c:entity_defense_enhancement, c:entity_movement_enhancement, c:fortune, c:looting, c:weapon_damage_enhancement
[19:57:18] [Render thread/WARN] (Minecraft) Not all defined tags for registry ResourceKey[minecraft:root / minecraft:fluid] are present in data pack: c:lava, c:water
[19:57:18] [Render thread/WARN] (Minecraft) Not all defined tags for registry ResourceKey[minecraft:root / minecraft:item] are present in data pack: c:axes, c:black_dyes, c:blue_dyes, c:bookshelves, c:bows, c:brown_dyes, c:budding_blocks, c:buds, c:chests, c:clusters, c:coal, c:copper_ingots, c:cyan_dyes, c:diamonds, c:dusts, c:dyes, c:emeralds, c:empty_buckets, c:entity_water_buckets, c:foods, c:gems, c:glass_blocks, c:glass_panes, c:gold_ingots, c:gray_dyes, c:green_dyes, c:hoes, c:ingots, c:iron_ingots, c:lapis, c:lava_buckets, c:light_blue_dyes, c:light_gray_dyes, c:lime_dyes, c:magenta_dyes, c:milk_buckets, c:netherite_ingots, c:nuggets, c:orange_dyes, c:ores, c:pickaxes, c:pink_dyes, c:potions, c:purple_dyes, c:quartz, c:quartz_ores, c:raw_copper_blocks, c:raw_copper_ores, c:raw_gold_blocks, c:raw_gold_ores, c:raw_iron_blocks, c:raw_iron_ores, c:raw_ores, c:red_dyes, c:red_sandstone_blocks, c:red_sandstone_slabs, c:red_sandstone_stairs, c:redstone_dusts, c:sandstone_blocks, c:sandstone_slabs, c:sandstone_stairs, c:shears, c:shields, c:shovels, c:shulker_boxes, c:spears, c:swords, c:uncolored_sandstone_blocks, c:uncolored_sandstone_slabs, c:uncolored_sandstone_stairs, c:villager_job_sites, c:water_buckets, c:white_dyes, c:wooden_barrels, c:yellow_dyes, minecraft:tools
[19:57:20] [Render thread/INFO] (Minecraft) [System] [CHAT] (FAWE) An update for FastAsyncWorldEdit is available. You are 144 build(s) out of date.\nYou are running build 820, the latest version is build 964.\nUpdate at https://www.spigotmc.org/resources/13932/
[19:57:20] [Render thread/INFO] (Minecraft) [System] [CHAT] Player222 joined the game
[19:57:20] [Render thread/INFO] (Minecraft) Loaded 3 advancements
[19:57:20] [Render thread/INFO] (Minecraft) [System] [CHAT] Plugin Sudo have a new version. Download it here: https://www.spigotmc.org/resources/90909/
[19:57:20] [Render thread/INFO] (Minecraft) [System] [CHAT] [ViaVersion] There is a newer plugin version available: 5.1.1, you're on: 5.0.1
[19:57:33] [Render thread/INFO] (Minecraft) [System] [CHAT] Failed to read range, nothing was changed
[19:57:33] [Render thread/INFO] (Minecraft) [System] [CHAT] Usage: '/reload-range' while OP
[19:57:36] [Render thread/INFO] (Minecraft) [System] [CHAT] Set own game mode to Creative Mode
[19:57:37] [Render thread/INFO] (Minecraft) [System] [CHAT] Failed to read range, nothing was changed
[19:57:37] [Render thread/INFO] (Minecraft) [System] [CHAT] Usage: '/reload-range' while OP
[19:59:11] [Render thread/INFO] (Minecraft) [System] [CHAT] [Server: Stopping the server]
[19:59:11] [Render thread/WARN] (Minecraft) Client disconnected with reason: Server closed
[20:00:55] [Render thread/INFO] (Minecraft) Connecting to 0.0.0.0, 25565
[20:00:57] [Netty Epoll Client IO #4/WARN] (Minecraft) Unknown feature flag: minecraft:update_1_21
[20:00:58] [Render thread/WARN] (Minecraft) Not all defined tags for registry ResourceKey[minecraft:root / minecraft:entity_type] are present in data pack: c:boats, c:bosses, c:minecarts
[20:00:58] [Render thread/WARN] (Minecraft) Not all defined tags for registry ResourceKey[minecraft:root / minecraft:block] are present in data pack: c:bookshelves, c:budding_blocks, c:buds, c:chests, c:clusters, c:glass_blocks, c:glass_panes, c:ores, c:quartz_ores, c:red_sandstone_blocks, c:red_sandstone_slabs, c:red_sandstone_stairs, c:sandstone_blocks, c:sandstone_slabs, c:sandstone_stairs, c:shulker_boxes, c:uncolored_sandstone_blocks, c:uncolored_sandstone_slabs, c:uncolored_sandstone_stairs, c:villager_job_sites, c:wooden_barrels
[20:00:58] [Render thread/WARN] (Minecraft) Not all defined tags for registry ResourceKey[minecraft:root / minecraft:enchantment] are present in data pack: c:entity_defense_enhancement, c:entity_movement_enhancement, c:fortune, c:looting, c:weapon_damage_enhancement
[20:00:58] [Render thread/WARN] (Minecraft) Not all defined tags for registry ResourceKey[minecraft:root / minecraft:fluid] are present in data pack: c:lava, c:water
[20:00:58] [Render thread/WARN] (Minecraft) Not all defined tags for registry ResourceKey[minecraft:root / minecraft:item] are present in data pack: c:axes, c:black_dyes, c:blue_dyes, c:bookshelves, c:bows, c:brown_dyes, c:budding_blocks, c:buds, c:chests, c:clusters, c:coal, c:copper_ingots, c:cyan_dyes, c:diamonds, c:dusts, c:dyes, c:emeralds, c:empty_buckets, c:entity_water_buckets, c:foods, c:gems, c:glass_blocks, c:glass_panes, c:gold_ingots, c:gray_dyes, c:green_dyes, c:hoes, c:ingots, c:iron_ingots, c:lapis, c:lava_buckets, c:light_blue_dyes, c:light_gray_dyes, c:lime_dyes, c:magenta_dyes, c:milk_buckets, c:netherite_ingots, c:nuggets, c:orange_dyes, c:ores, c:pickaxes, c:pink_dyes, c:potions, c:purple_dyes, c:quartz, c:quartz_ores, c:raw_copper_blocks, c:raw_copper_ores, c:raw_gold_blocks, c:raw_gold_ores, c:raw_iron_blocks, c:raw_iron_ores, c:raw_ores, c:red_dyes, c:red_sandstone_blocks, c:red_sandstone_slabs, c:red_sandstone_stairs, c:redstone_dusts, c:sandstone_blocks, c:sandstone_slabs, c:sandstone_stairs, c:shears, c:shields, c:shovels, c:shulker_boxes, c:spears, c:swords, c:uncolored_sandstone_blocks, c:uncolored_sandstone_slabs, c:uncolored_sandstone_stairs, c:villager_job_sites, c:water_buckets, c:white_dyes, c:wooden_barrels, c:yellow_dyes, minecraft:tools
[20:00:59] [Render thread/INFO] (Minecraft) [System] [CHAT] (FAWE) An update for FastAsyncWorldEdit is available. You are 144 build(s) out of date.\nYou are running build 820, the latest version is build 964.\nUpdate at https://www.spigotmc.org/resources/13932/
[20:00:59] [Render thread/INFO] (Minecraft) [System] [CHAT] Player222 joined the game
[20:00:59] [Render thread/INFO] (Minecraft) Loaded 3 advancements
[20:00:59] [Render thread/INFO] (Minecraft) [System] [CHAT] Plugin Sudo have a new version. Download it here: https://www.spigotmc.org/resources/90909/
[20:01:00] [Render thread/INFO] (Minecraft) [System] [CHAT] [ViaVersion] There is a newer plugin version available: 5.1.1, you're on: 5.0.1
[20:01:23] [Render thread/INFO] (Minecraft) [System] [CHAT] Failed to read range, nothing was changed
[20:05:18] [Render thread/WARN] (Minecraft) Client disconnected with reason: Server closed
[20:06:51] [Render thread/INFO] (Minecraft) Connecting to 0.0.0.0, 25565
[20:06:53] [Netty Epoll Client IO #5/WARN] (Minecraft) Unknown feature flag: minecraft:update_1_21
[20:06:53] [Render thread/WARN] (Minecraft) Not all defined tags for registry ResourceKey[minecraft:root / minecraft:entity_type] are present in data pack: c:boats, c:bosses, c:minecarts
[20:06:53] [Render thread/WARN] (Minecraft) Not all defined tags for registry ResourceKey[minecraft:root / minecraft:block] are present in data pack: c:bookshelves, c:budding_blocks, c:buds, c:chests, c:clusters, c:glass_blocks, c:glass_panes, c:ores, c:quartz_ores, c:red_sandstone_blocks, c:red_sandstone_slabs, c:red_sandstone_stairs, c:sandstone_blocks, c:sandstone_slabs, c:sandstone_stairs, c:shulker_boxes, c:uncolored_sandstone_blocks, c:uncolored_sandstone_slabs, c:uncolored_sandstone_stairs, c:villager_job_sites, c:wooden_barrels
[20:06:53] [Render thread/WARN] (Minecraft) Not all defined tags for registry ResourceKey[minecraft:root / minecraft:enchantment] are present in data pack: c:entity_defense_enhancement, c:entity_movement_enhancement, c:fortune, c:looting, c:weapon_damage_enhancement
[20:06:53] [Render thread/WARN] (Minecraft) Not all defined tags for registry ResourceKey[minecraft:root / minecraft:fluid] are present in data pack: c:lava, c:water
[20:06:53] [Render thread/WARN] (Minecraft) Not all defined tags for registry ResourceKey[minecraft:root / minecraft:item] are present in data pack: c:axes, c:black_dyes, c:blue_dyes, c:bookshelves, c:bows, c:brown_dyes, c:budding_blocks, c:buds, c:chests, c:clusters, c:coal, c:copper_ingots, c:cyan_dyes, c:diamonds, c:dusts, c:dyes, c:emeralds, c:empty_buckets, c:entity_water_buckets, c:foods, c:gems, c:glass_blocks, c:glass_panes, c:gold_ingots, c:gray_dyes, c:green_dyes, c:hoes, c:ingots, c:iron_ingots, c:lapis, c:lava_buckets, c:light_blue_dyes, c:light_gray_dyes, c:lime_dyes, c:magenta_dyes, c:milk_buckets, c:netherite_ingots, c:nuggets, c:orange_dyes, c:ores, c:pickaxes, c:pink_dyes, c:potions, c:purple_dyes, c:quartz, c:quartz_ores, c:raw_copper_blocks, c:raw_copper_ores, c:raw_gold_blocks, c:raw_gold_ores, c:raw_iron_blocks, c:raw_iron_ores, c:raw_ores, c:red_dyes, c:red_sandstone_blocks, c:red_sandstone_slabs, c:red_sandstone_stairs, c:redstone_dusts, c:sandstone_blocks, c:sandstone_slabs, c:sandstone_stairs, c:shears, c:shields, c:shovels, c:shulker_boxes, c:spears, c:swords, c:uncolored_sandstone_blocks, c:uncolored_sandstone_slabs, c:uncolored_sandstone_stairs, c:villager_job_sites, c:water_buckets, c:white_dyes, c:wooden_barrels, c:yellow_dyes, minecraft:tools
[20:06:54] [Render thread/INFO] (Minecraft) [System] [CHAT] (FAWE) An update for FastAsyncWorldEdit is available. You are 144 build(s) out of date.\nYou are running build 820, the latest version is build 964.\nUpdate at https://www.spigotmc.org/resources/13932/
[20:06:54] [Render thread/INFO] (Minecraft) [System] [CHAT] Player222 joined the game
[20:06:54] [Render thread/INFO] (Minecraft) Loaded 3 advancements
[20:06:55] [Render thread/INFO] (Minecraft) [System] [CHAT] Plugin Sudo have a new version. Download it here: https://www.spigotmc.org/resources/90909/
[20:06:55] [Render thread/INFO] (Minecraft) [System] [CHAT] [ViaVersion] There is a newer plugin version available: 5.1.1, you're on: 5.0.1
[20:06:58] [Render thread/INFO] (Minecraft) [System] [CHAT] Failed to read range, nothing was changed
[20:08:34] [Render thread/INFO] (Minecraft) [System] [CHAT] [Server: Stopping the server]
[20:08:35] [Render thread/WARN] (Minecraft) Client disconnected with reason: Server closed
[20:09:28] [Render thread/INFO] (Minecraft) Connecting to 0.0.0.0, 25565
[20:10:08] [Render thread/INFO] (Minecraft) Connecting to 0.0.0.0, 25565
[20:10:08] [Netty Epoll Client IO #7/WARN] (Minecraft) Unknown feature flag: minecraft:update_1_21
[20:10:09] [Render thread/WARN] (Minecraft) Not all defined tags for registry ResourceKey[minecraft:root / minecraft:entity_type] are present in data pack: c:boats, c:bosses, c:minecarts
[20:10:09] [Render thread/WARN] (Minecraft) Not all defined tags for registry ResourceKey[minecraft:root / minecraft:block] are present in data pack: c:bookshelves, c:budding_blocks, c:buds, c:chests, c:clusters, c:glass_blocks, c:glass_panes, c:ores, c:quartz_ores, c:red_sandstone_blocks, c:red_sandstone_slabs, c:red_sandstone_stairs, c:sandstone_blocks, c:sandstone_slabs, c:sandstone_stairs, c:shulker_boxes, c:uncolored_sandstone_blocks, c:uncolored_sandstone_slabs, c:uncolored_sandstone_stairs, c:villager_job_sites, c:wooden_barrels
[20:10:09] [Render thread/WARN] (Minecraft) Not all defined tags for registry ResourceKey[minecraft:root / minecraft:enchantment] are present in data pack: c:entity_defense_enhancement, c:entity_movement_enhancement, c:fortune, c:looting, c:weapon_damage_enhancement
[20:10:09] [Render thread/WARN] (Minecraft) Not all defined tags for registry ResourceKey[minecraft:root / minecraft:fluid] are present in data pack: c:lava, c:water
[20:10:09] [Render thread/WARN] (Minecraft) Not all defined tags for registry ResourceKey[minecraft:root / minecraft:item] are present in data pack: c:axes, c:black_dyes, c:blue_dyes, c:bookshelves, c:bows, c:brown_dyes, c:budding_blocks, c:buds, c:chests, c:clusters, c:coal, c:copper_ingots, c:cyan_dyes, c:diamonds, c:dusts, c:dyes, c:emeralds, c:empty_buckets, c:entity_water_buckets, c:foods, c:gems, c:glass_blocks, c:glass_panes, c:gold_ingots, c:gray_dyes, c:green_dyes, c:hoes, c:ingots, c:iron_ingots, c:lapis, c:lava_buckets, c:light_blue_dyes, c:light_gray_dyes, c:lime_dyes, c:magenta_dyes, c:milk_buckets, c:netherite_ingots, c:nuggets, c:orange_dyes, c:ores, c:pickaxes, c:pink_dyes, c:potions, c:purple_dyes, c:quartz, c:quartz_ores, c:raw_copper_blocks, c:raw_copper_ores, c:raw_gold_blocks, c:raw_gold_ores, c:raw_iron_blocks, c:raw_iron_ores, c:raw_ores, c:red_dyes, c:red_sandstone_blocks, c:red_sandstone_slabs, c:red_sandstone_stairs, c:redstone_dusts, c:sandstone_blocks, c:sandstone_slabs, c:sandstone_stairs, c:shears, c:shields, c:shovels, c:shulker_boxes, c:spears, c:swords, c:uncolored_sandstone_blocks, c:uncolored_sandstone_slabs, c:uncolored_sandstone_stairs, c:villager_job_sites, c:water_buckets, c:white_dyes, c:wooden_barrels, c:yellow_dyes, minecraft:tools
[20:10:10] [Render thread/INFO] (Minecraft) [System] [CHAT] (FAWE) An update for FastAsyncWorldEdit is available. You are 144 build(s) out of date.\nYou are running build 820, the latest version is build 964.\nUpdate at https://www.spigotmc.org/resources/13932/
[20:10:10] [Render thread/INFO] (Minecraft) [System] [CHAT] Player222 joined the game
[20:10:10] [Render thread/INFO] (Minecraft) Loaded 3 advancements
[20:10:11] [Render thread/INFO] (Minecraft) [System] [CHAT] Plugin Sudo have a new version. Download it here: https://www.spigotmc.org/resources/90909/
[20:10:11] [Render thread/INFO] (Minecraft) [System] [CHAT] [ViaVersion] There is a newer plugin version available: 5.1.1, you're on: 5.0.1
[20:11:23] [Render thread/INFO] (Minecraft) [System] [CHAT] Reloaded config, new bucket range: 9.0
[20:11:31] [Render thread/INFO] (Minecraft) Loaded 12 advancements
[20:11:57] [Render thread/INFO] (Minecraft) [System] [CHAT] Set the time to 1000
[20:12:15] [Render thread/INFO] (Minecraft) [System] [CHAT] Reloaded config, new bucket range: 5.0
[20:12:49] [Render thread/INFO] (Minecraft) [System] [CHAT] Reloaded config, new bucket range: 4.5
[20:12:55] [Render thread/INFO] (Minecraft) [System] [CHAT] Reloaded config, new bucket range: 5.0
[20:13:01] [Render thread/INFO] (Minecraft) [System] [CHAT] Reloaded config, new bucket range: 9.0
[20:13:12] [Render thread/INFO] (Minecraft) [System] [CHAT] ur not op lol
[20:15:17] [Render thread/WARN] (Minecraft) Client disconnected with reason: Server closed
